<?xml version="1.0" encoding="UTF-8"?>
<testsuite name="BancoTest" tests="2" skipped="0" failures="0" errors="0" timestamp="2022-03-13T13:36:56" hostname="LAPTOP-5E0T3FA5" time="0.037">
  <properties/>
  <testcase name="testNome()" classname="BancoTest" time="0.035"/>
  <testcase name="testContas()" classname="BancoTest" time="0.001"/>
  <system-out><![CDATA[]]></system-out>
  <system-err><![CDATA[]]></system-err>
</testsuite>
