<?xml version="1.0" encoding="UTF-8"?>
<testsuite name="ContaCorrenteTest" tests="1" skipped="0" failures="0" errors="0" timestamp="2022-03-13T13:36:56" hostname="LAPTOP-5E0T3FA5" time="0.012">
  <properties/>
  <testcase name="testImprimirExtrato()" classname="ContaCorrenteTest" time="0.012"/>
  <system-out><![CDATA[]]></system-out>
  <system-err><![CDATA[]]></system-err>
</testsuite>
